android/app/build/intermediates/manifest_merge_blame_file/release/manifest-merger-blame-release-report.txt
1<?xml version="1.0" encoding="utf-8"?>
2<manifest xmlns:android="http://schemas.android.com/apk/res/android"
3    package="com.care2home.vendor"
4    android:versionCode="1"
5    android:versionName="1.0" >
6
7    <uses-sdk
8        android:minSdkVersion="21"
8-->src\main\AndroidManifest.xml
9        android:targetSdkVersion="33" />
9-->src\main\AndroidManifest.xml
10
11    <uses-permission android:name="android.permission.INTERNET" />
11-->src\main\AndroidManifest.xml:4:5-67
11-->src\main\AndroidManifest.xml:4:22-64
12    <uses-permission android:name="android.permission.CAMERA" />
12-->src\main\AndroidManifest.xml:5:5-65
12-->src\main\AndroidManifest.xml:5:22-62
13    <uses-permission android:name="android.permission.WRITE_EXTERNAL_STORAGE" />
13-->src\main\AndroidManifest.xml:6:5-80
13-->src\main\AndroidManifest.xml:6:22-78
14    <uses-permission android:name="android.permission.ACCESS_COARSE_LOCATION" />
14-->src\main\AndroidManifest.xml:7:5-80
14-->src\main\AndroidManifest.xml:7:22-78
15    <uses-permission android:name="android.permission.ACCESS_FINE_LOCATION" />
15-->src\main\AndroidManifest.xml:8:5-79
15-->src\main\AndroidManifest.xml:8:22-76
16    <uses-permission android:name="android.permission.ACCESS_NETWORK_STATE" />
16-->src\main\AndroidManifest.xml:9:5-79
16-->src\main\AndroidManifest.xml:9:22-76
17    <uses-permission android:name="android.permission.RECEIVE_BOOT_COMPLETED" />
17-->src\main\AndroidManifest.xml:10:5-81
17-->src\main\AndroidManifest.xml:10:22-78
18    <uses-permission android:name="android.permission.VIBRATE" />
18-->src\main\AndroidManifest.xml:11:5-66
18-->src\main\AndroidManifest.xml:11:22-63
19    <uses-permission android:name="android.permission.WAKE_LOCK" /> <!-- Required to access Google Play Licensing -->
19-->[:react-native-firebase_database] AndroidManifest.xml:10:5-68
19-->[:react-native-firebase_database] AndroidManifest.xml:10:22-65
20    <uses-permission android:name="com.android.vending.CHECK_LICENSE" /> <!-- Required to check whether Wi-Fi is enabled -->
20-->[:rn-fetch-blob] AndroidManifest.xml:10:5-73
20-->[:rn-fetch-blob] AndroidManifest.xml:10:22-70
21    <uses-permission android:name="android.permission.ACCESS_WIFI_STATE" />
21-->[:rn-fetch-blob] AndroidManifest.xml:28:5-76
21-->[:rn-fetch-blob] AndroidManifest.xml:28:22-73
22
23    <uses-feature
23-->[com.google.android.gms:play-services-maps:17.0.0] AndroidManifest.xml:26:5-28:35
24        android:glEsVersion="0x00020000"
24-->[com.google.android.gms:play-services-maps:17.0.0] AndroidManifest.xml:27:9-41
25        android:required="true" />
25-->[com.google.android.gms:play-services-maps:17.0.0] AndroidManifest.xml:28:9-32
26
27    <uses-permission android:name="android.permission.POST_NOTIFICATIONS" /> <!-- Required by older versions of Google Play services to create IID tokens -->
27-->[com.google.firebase:firebase-messaging:23.0.8] AndroidManifest.xml:26:5-77
27-->[com.google.firebase:firebase-messaging:23.0.8] AndroidManifest.xml:26:22-74
28    <uses-permission android:name="com.google.android.c2dm.permission.RECEIVE" />
28-->[com.google.firebase:firebase-messaging:23.0.8] AndroidManifest.xml:29:5-82
28-->[com.google.firebase:firebase-messaging:23.0.8] AndroidManifest.xml:29:22-79
29    <uses-permission android:name="com.google.android.gms.permission.AD_ID" />
29-->[com.google.android.gms:play-services-measurement-api:21.1.1] AndroidManifest.xml:25:5-79
29-->[com.google.android.gms:play-services-measurement-api:21.1.1] AndroidManifest.xml:25:22-76
30    <uses-permission android:name="com.google.android.finsky.permission.BIND_GET_INSTALL_REFERRER_SERVICE" />
30-->[com.google.android.gms:play-services-measurement:21.1.1] AndroidManifest.xml:26:5-110
30-->[com.google.android.gms:play-services-measurement:21.1.1] AndroidManifest.xml:26:22-107
31    <uses-permission android:name="android.permission.FOREGROUND_SERVICE" /> <!-- for android -->
31-->[androidx.work:work-runtime:2.7.0] AndroidManifest.xml:28:5-77
31-->[androidx.work:work-runtime:2.7.0] AndroidManifest.xml:28:22-74
32    <!-- <uses-permission android:name="com.android.launcher.permission.READ_SETTINGS"/> -->
33    <!-- <uses-permission android:name="com.android.launcher.permission.WRITE_SETTINGS"/> -->
34    <!-- <uses-permission android:name="com.android.launcher.permission.INSTALL_SHORTCUT" /> -->
35    <!-- <uses-permission android:name="com.android.launcher.permission.UNINSTALL_SHORTCUT" /> -->
36    <!-- for Samsung -->
37    <uses-permission android:name="com.sec.android.provider.badge.permission.READ" />
37-->[me.leolin:ShortcutBadger:1.1.22] AndroidManifest.xml:19:5-86
37-->[me.leolin:ShortcutBadger:1.1.22] AndroidManifest.xml:19:22-83
38    <uses-permission android:name="com.sec.android.provider.badge.permission.WRITE" /> <!-- for htc -->
38-->[me.leolin:ShortcutBadger:1.1.22] AndroidManifest.xml:20:5-87
38-->[me.leolin:ShortcutBadger:1.1.22] AndroidManifest.xml:20:22-84
39    <uses-permission android:name="com.htc.launcher.permission.READ_SETTINGS" />
39-->[me.leolin:ShortcutBadger:1.1.22] AndroidManifest.xml:23:5-81
39-->[me.leolin:ShortcutBadger:1.1.22] AndroidManifest.xml:23:22-78
40    <uses-permission android:name="com.htc.launcher.permission.UPDATE_SHORTCUT" /> <!-- for sony -->
40-->[me.leolin:ShortcutBadger:1.1.22] AndroidManifest.xml:24:5-83
40-->[me.leolin:ShortcutBadger:1.1.22] AndroidManifest.xml:24:22-80
41    <uses-permission android:name="com.sonyericsson.home.permission.BROADCAST_BADGE" />
41-->[me.leolin:ShortcutBadger:1.1.22] AndroidManifest.xml:27:5-88
41-->[me.leolin:ShortcutBadger:1.1.22] AndroidManifest.xml:27:22-85
42    <uses-permission android:name="com.sonymobile.home.permission.PROVIDER_INSERT_BADGE" /> <!-- for apex -->
42-->[me.leolin:ShortcutBadger:1.1.22] AndroidManifest.xml:28:5-92
42-->[me.leolin:ShortcutBadger:1.1.22] AndroidManifest.xml:28:22-89
43    <uses-permission android:name="com.anddoes.launcher.permission.UPDATE_COUNT" /> <!-- for solid -->
43-->[me.leolin:ShortcutBadger:1.1.22] AndroidManifest.xml:31:5-84
43-->[me.leolin:ShortcutBadger:1.1.22] AndroidManifest.xml:31:22-81
44    <uses-permission android:name="com.majeur.launcher.permission.UPDATE_BADGE" /> <!-- for huawei -->
44-->[me.leolin:ShortcutBadger:1.1.22] AndroidManifest.xml:34:5-83
44-->[me.leolin:ShortcutBadger:1.1.22] AndroidManifest.xml:34:22-80
45    <uses-permission android:name="com.huawei.android.launcher.permission.CHANGE_BADGE" />
45-->[me.leolin:ShortcutBadger:1.1.22] AndroidManifest.xml:37:5-91
45-->[me.leolin:ShortcutBadger:1.1.22] AndroidManifest.xml:37:22-88
46    <uses-permission android:name="com.huawei.android.launcher.permission.READ_SETTINGS" />
46-->[me.leolin:ShortcutBadger:1.1.22] AndroidManifest.xml:38:5-92
46-->[me.leolin:ShortcutBadger:1.1.22] AndroidManifest.xml:38:22-89
47    <uses-permission android:name="com.huawei.android.launcher.permission.WRITE_SETTINGS" /> <!-- for ZUK -->
47-->[me.leolin:ShortcutBadger:1.1.22] AndroidManifest.xml:39:5-93
47-->[me.leolin:ShortcutBadger:1.1.22] AndroidManifest.xml:39:22-90
48    <uses-permission android:name="android.permission.READ_APP_BADGE" /> <!-- for OPPO -->
48-->[me.leolin:ShortcutBadger:1.1.22] AndroidManifest.xml:42:5-73
48-->[me.leolin:ShortcutBadger:1.1.22] AndroidManifest.xml:42:22-70
49    <uses-permission android:name="com.oppo.launcher.permission.READ_SETTINGS" />
49-->[me.leolin:ShortcutBadger:1.1.22] AndroidManifest.xml:45:5-82
49-->[me.leolin:ShortcutBadger:1.1.22] AndroidManifest.xml:45:22-79
50    <uses-permission android:name="com.oppo.launcher.permission.WRITE_SETTINGS" /> <!-- for EvMe -->
50-->[me.leolin:ShortcutBadger:1.1.22] AndroidManifest.xml:46:5-83
50-->[me.leolin:ShortcutBadger:1.1.22] AndroidManifest.xml:46:22-80
51    <uses-permission android:name="me.everything.badger.permission.BADGE_COUNT_READ" />
51-->[me.leolin:ShortcutBadger:1.1.22] AndroidManifest.xml:49:5-88
51-->[me.leolin:ShortcutBadger:1.1.22] AndroidManifest.xml:49:22-85
52    <uses-permission android:name="me.everything.badger.permission.BADGE_COUNT_WRITE" />
52-->[me.leolin:ShortcutBadger:1.1.22] AndroidManifest.xml:50:5-89
52-->[me.leolin:ShortcutBadger:1.1.22] AndroidManifest.xml:50:22-86
53
54    <application
54-->src\main\AndroidManifest.xml:13:5-58:19
55        android:name="com.care2home.vendor.MainApplication"
55-->src\main\AndroidManifest.xml:14:7-38
56        android:allowBackup="false"
56-->src\main\AndroidManifest.xml:18:7-34
57        android:appComponentFactory="androidx.core.app.CoreComponentFactory"
57-->[androidx.core:core:1.8.0] AndroidManifest.xml:24:18-86
58        android:icon="@mipmap/ic_launcher"
58-->src\main\AndroidManifest.xml:16:7-41
59        android:label="@string/app_name"
59-->src\main\AndroidManifest.xml:15:7-39
60        android:networkSecurityConfig="@xml/network_security_config"
60-->src\main\AndroidManifest.xml:21:7-67
61        android:roundIcon="@mipmap/ic_launcher_round"
61-->src\main\AndroidManifest.xml:17:7-52
62        android:theme="@style/AppTheme"
62-->src\main\AndroidManifest.xml:19:7-38
63        android:usesCleartextTraffic="true" >
63-->src\main\AndroidManifest.xml:20:7-42
64        <meta-data
64-->src\main\AndroidManifest.xml:22:7-23:42
65            android:name="com.dieam.reactnativepushnotification.notification_foreground"
65-->src\main\AndroidManifest.xml:22:19-95
66            android:value="false" />
66-->src\main\AndroidManifest.xml:23:19-40
67        <meta-data
67-->src\main\AndroidManifest.xml:24:7-25:60
68            android:name="com.dieam.reactnativepushnotification.notification_color"
68-->src\main\AndroidManifest.xml:24:19-90
69            android:resource="@android:color/white" />
69-->src\main\AndroidManifest.xml:25:19-58
70
71        <receiver
71-->src\main\AndroidManifest.xml:26:9-132
72            android:name="com.dieam.reactnativepushnotification.modules.RNPushNotificationActions"
72-->src\main\AndroidManifest.xml:26:43-129
73            android:exported="true" />
73-->src\main\AndroidManifest.xml:26:19-42
74        <receiver
74-->src\main\AndroidManifest.xml:27:9-134
75            android:name="com.dieam.reactnativepushnotification.modules.RNPushNotificationPublisher"
75-->src\main\AndroidManifest.xml:27:43-131
76            android:exported="true" />
76-->src\main\AndroidManifest.xml:27:19-42
77        <receiver
77-->src\main\AndroidManifest.xml:28:9-34:20
78            android:name="com.dieam.reactnativepushnotification.modules.RNPushNotificationBootEventReceiver"
78-->src\main\AndroidManifest.xml:28:43-139
79            android:exported="true" >
79-->src\main\AndroidManifest.xml:28:19-42
80            <intent-filter>
80-->src\main\AndroidManifest.xml:29:13-33:29
81                <action android:name="android.intent.action.BOOT_COMPLETED" />
81-->src\main\AndroidManifest.xml:30:17-79
81-->src\main\AndroidManifest.xml:30:25-76
82                <action android:name="android.intent.action.QUICKBOOT_POWERON" />
82-->src\main\AndroidManifest.xml:31:17-82
82-->src\main\AndroidManifest.xml:31:25-79
83                <action android:name="com.htc.intent.action.QUICKBOOT_POWERON" />
83-->src\main\AndroidManifest.xml:32:17-81
83-->src\main\AndroidManifest.xml:32:25-79
84            </intent-filter>
85        </receiver>
86
87        <service
87-->src\main\AndroidManifest.xml:35:7-41:17
88            android:name="com.dieam.reactnativepushnotification.modules.RNPushNotificationListenerService"
88-->src\main\AndroidManifest.xml:36:11-105
89            android:exported="false" >
89-->src\main\AndroidManifest.xml:37:11-35
90            <intent-filter>
90-->src\main\AndroidManifest.xml:38:11-40:27
91                <action android:name="com.google.firebase.MESSAGING_EVENT" />
91-->src\main\AndroidManifest.xml:39:15-76
91-->src\main\AndroidManifest.xml:39:23-73
92            </intent-filter>
93        </service>
94
95        <activity
95-->src\main\AndroidManifest.xml:42:7-53:18
96            android:name="com.care2home.vendor.MainActivity"
96-->src\main\AndroidManifest.xml:44:9-37
97            android:configChanges="keyboard|keyboardHidden|orientation|screenSize|uiMode"
97-->src\main\AndroidManifest.xml:46:9-86
98            android:exported="true"
98-->src\main\AndroidManifest.xml:43:9-32
99            android:label="@string/app_name"
99-->src\main\AndroidManifest.xml:45:9-41
100            android:launchMode="singleTask"
100-->src\main\AndroidManifest.xml:47:9-40
101            android:windowSoftInputMode="adjustResize" >
101-->src\main\AndroidManifest.xml:48:9-51
102            <intent-filter>
102-->src\main\AndroidManifest.xml:49:9-52:25
103                <action android:name="android.intent.action.MAIN" />
103-->src\main\AndroidManifest.xml:50:13-65
103-->src\main\AndroidManifest.xml:50:21-62
104
105                <category android:name="android.intent.category.LAUNCHER" />
105-->src\main\AndroidManifest.xml:51:13-73
105-->src\main\AndroidManifest.xml:51:23-70
106            </intent-filter>
107        </activity>
108
109        <meta-data
109-->src\main\AndroidManifest.xml:54:7-56:66
110            android:name="com.google.android.geo.API_KEY"
110-->src\main\AndroidManifest.xml:55:9-54
111            android:value="AIzaSyDnXdQr8HrUFBMVuOzeFqRKzWNLfQSd7ZA" />
111-->src\main\AndroidManifest.xml:56:9-64
112
113        <uses-library
113-->src\main\AndroidManifest.xml:57:9-87
114            android:name="org.apache.http.legacy"
114-->src\main\AndroidManifest.xml:57:23-60
115            android:required="false" />
115-->src\main\AndroidManifest.xml:57:61-85
116
117        <meta-data
117-->[:react-native-firebase_app] AndroidManifest.xml:11:9-13:36
118            android:name="app_data_collection_default_enabled"
118-->[:react-native-firebase_app] AndroidManifest.xml:12:13-63
119            android:value="true" />
119-->[:react-native-firebase_app] AndroidManifest.xml:13:13-33
120
121        <service
121-->[:react-native-firebase_app] AndroidManifest.xml:15:9-23:19
122            android:name="com.google.firebase.components.ComponentDiscoveryService"
122-->[:react-native-firebase_app] AndroidManifest.xml:16:13-84
123            android:directBootAware="true"
123-->[:react-native-firebase_app] AndroidManifest.xml:17:13-43
124            android:exported="false" >
124-->[:react-native-firebase_app] AndroidManifest.xml:18:13-37
125            <meta-data
125-->[:react-native-firebase_app] AndroidManifest.xml:20:13-22:85
126                android:name="com.google.firebase.components:io.invertase.firebase.app.ReactNativeFirebaseAppRegistrar"
126-->[:react-native-firebase_app] AndroidManifest.xml:21:17-120
127                android:value="com.google.firebase.components.ComponentRegistrar" />
127-->[:react-native-firebase_app] AndroidManifest.xml:22:17-82
128            <meta-data
128-->[com.google.firebase:firebase-messaging:23.0.8] AndroidManifest.xml:56:13-58:85
129                android:name="com.google.firebase.components:com.google.firebase.messaging.FirebaseMessagingRegistrar"
129-->[com.google.firebase:firebase-messaging:23.0.8] AndroidManifest.xml:57:17-119
130                android:value="com.google.firebase.components.ComponentRegistrar" />
130-->[com.google.firebase:firebase-messaging:23.0.8] AndroidManifest.xml:58:17-82
131            <meta-data
131-->[com.google.firebase:firebase-database:20.0.6] AndroidManifest.xml:32:13-34:85
132                android:name="com.google.firebase.components:com.google.firebase.database.DatabaseRegistrar"
132-->[com.google.firebase:firebase-database:20.0.6] AndroidManifest.xml:33:17-109
133                android:value="com.google.firebase.components.ComponentRegistrar" />
133-->[com.google.firebase:firebase-database:20.0.6] AndroidManifest.xml:34:17-82
134            <meta-data
134-->[com.google.firebase:firebase-datatransport:18.1.6] AndroidManifest.xml:28:13-30:85
135                android:name="com.google.firebase.components:com.google.firebase.datatransport.TransportRegistrar"
135-->[com.google.firebase:firebase-datatransport:18.1.6] AndroidManifest.xml:29:17-115
136                android:value="com.google.firebase.components.ComponentRegistrar" />
136-->[com.google.firebase:firebase-datatransport:18.1.6] AndroidManifest.xml:30:17-82
137            <meta-data
137-->[com.google.android.gms:play-services-measurement-api:21.1.1] AndroidManifest.xml:31:13-33:85
138                android:name="com.google.firebase.components:com.google.firebase.analytics.connector.internal.AnalyticsConnectorRegistrar"
138-->[com.google.android.gms:play-services-measurement-api:21.1.1] AndroidManifest.xml:32:17-139
139                android:value="com.google.firebase.components.ComponentRegistrar" />
139-->[com.google.android.gms:play-services-measurement-api:21.1.1] AndroidManifest.xml:33:17-82
140            <meta-data
140-->[com.google.firebase:firebase-installations:17.0.3] AndroidManifest.xml:18:13-20:85
141                android:name="com.google.firebase.components:com.google.firebase.installations.FirebaseInstallationsRegistrar"
141-->[com.google.firebase:firebase-installations:17.0.3] AndroidManifest.xml:19:17-127
142                android:value="com.google.firebase.components.ComponentRegistrar" />
142-->[com.google.firebase:firebase-installations:17.0.3] AndroidManifest.xml:20:17-82
143        </service>
144
145        <provider
145-->[:react-native-firebase_app] AndroidManifest.xml:25:9-29:38
146            android:name="io.invertase.firebase.app.ReactNativeFirebaseAppInitProvider"
146-->[:react-native-firebase_app] AndroidManifest.xml:26:13-88
147            android:authorities="com.care2home.vendor.reactnativefirebaseappinitprovider"
147-->[:react-native-firebase_app] AndroidManifest.xml:27:13-86
148            android:exported="false"
148-->[:react-native-firebase_app] AndroidManifest.xml:28:13-37
149            android:initOrder="99" />
149-->[:react-native-firebase_app] AndroidManifest.xml:29:13-35
150        <provider
150-->[:react-native-image-picker] AndroidManifest.xml:10:9-18:20
151            android:name="com.imagepicker.ImagePickerProvider"
151-->[:react-native-image-picker] AndroidManifest.xml:11:13-63
152            android:authorities="com.care2home.vendor.imagepickerprovider"
152-->[:react-native-image-picker] AndroidManifest.xml:12:13-71
153            android:exported="false"
153-->[:react-native-image-picker] AndroidManifest.xml:13:13-37
154            android:grantUriPermissions="true" >
154-->[:react-native-image-picker] AndroidManifest.xml:14:13-47
155            <meta-data
155-->[:react-native-image-picker] AndroidManifest.xml:15:13-17:70
156                android:name="android.support.FILE_PROVIDER_PATHS"
156-->[:react-native-image-picker] AndroidManifest.xml:16:17-67
157                android:resource="@xml/imagepicker_provider_paths" />
157-->[:react-native-image-picker] AndroidManifest.xml:17:17-67
158        </provider>
159        <provider
159-->[:react-native-webview] AndroidManifest.xml:10:9-18:20
160            android:name="com.reactnativecommunity.webview.RNCWebViewFileProvider"
160-->[:react-native-webview] AndroidManifest.xml:11:13-83
161            android:authorities="com.care2home.vendor.fileprovider"
161-->[:react-native-webview] AndroidManifest.xml:12:13-64
162            android:exported="false"
162-->[:react-native-webview] AndroidManifest.xml:13:13-37
163            android:grantUriPermissions="true" >
163-->[:react-native-webview] AndroidManifest.xml:14:13-47
164            <meta-data
164-->[:react-native-image-picker] AndroidManifest.xml:15:13-17:70
165                android:name="android.support.FILE_PROVIDER_PATHS"
165-->[:react-native-image-picker] AndroidManifest.xml:16:17-67
166                android:resource="@xml/file_provider_paths" />
166-->[:react-native-image-picker] AndroidManifest.xml:17:17-67
167        </provider>
168        <provider
168-->[:rn-fetch-blob] AndroidManifest.xml:34:9-42:20
169            android:name="com.RNFetchBlob.Utils.FileProvider"
169-->[:rn-fetch-blob] AndroidManifest.xml:35:13-62
170            android:authorities="com.care2home.vendor.provider"
170-->[:rn-fetch-blob] AndroidManifest.xml:36:13-60
171            android:exported="false"
171-->[:rn-fetch-blob] AndroidManifest.xml:37:13-37
172            android:grantUriPermissions="true" >
172-->[:rn-fetch-blob] AndroidManifest.xml:38:13-47
173            <meta-data
173-->[:react-native-image-picker] AndroidManifest.xml:15:13-17:70
174                android:name="android.support.FILE_PROVIDER_PATHS"
174-->[:react-native-image-picker] AndroidManifest.xml:16:17-67
175                android:resource="@xml/provider_paths" />
175-->[:react-native-image-picker] AndroidManifest.xml:17:17-67
176        </provider>
177
178        <activity
178-->[com.google.android.gms:play-services-auth:20.3.0] AndroidManifest.xml:23:9-27:75
179            android:name="com.google.android.gms.auth.api.signin.internal.SignInHubActivity"
179-->[com.google.android.gms:play-services-auth:20.3.0] AndroidManifest.xml:24:13-93
180            android:excludeFromRecents="true"
180-->[com.google.android.gms:play-services-auth:20.3.0] AndroidManifest.xml:25:13-46
181            android:exported="false"
181-->[com.google.android.gms:play-services-auth:20.3.0] AndroidManifest.xml:26:13-37
182            android:theme="@android:style/Theme.Translucent.NoTitleBar" />
182-->[com.google.android.gms:play-services-auth:20.3.0] AndroidManifest.xml:27:13-72
183        <!--
184            Service handling Google Sign-In user revocation. For apps that do not integrate with
185            Google Sign-In, this service will never be started.
186        -->
187        <service
187-->[com.google.android.gms:play-services-auth:20.3.0] AndroidManifest.xml:33:9-37:51
188            android:name="com.google.android.gms.auth.api.signin.RevocationBoundService"
188-->[com.google.android.gms:play-services-auth:20.3.0] AndroidManifest.xml:34:13-89
189            android:exported="true"
189-->[com.google.android.gms:play-services-auth:20.3.0] AndroidManifest.xml:35:13-36
190            android:permission="com.google.android.gms.auth.api.signin.permission.REVOCATION_NOTIFICATION"
190-->[com.google.android.gms:play-services-auth:20.3.0] AndroidManifest.xml:36:13-107
191            android:visibleToInstantApps="true" />
191-->[com.google.android.gms:play-services-auth:20.3.0] AndroidManifest.xml:37:13-48
192
193        <receiver
193-->[com.google.firebase:firebase-messaging:23.0.8] AndroidManifest.xml:32:9-39:20
194            android:name="com.google.firebase.iid.FirebaseInstanceIdReceiver"
194-->[com.google.firebase:firebase-messaging:23.0.8] AndroidManifest.xml:33:13-78
195            android:exported="true"
195-->[com.google.firebase:firebase-messaging:23.0.8] AndroidManifest.xml:34:13-36
196            android:permission="com.google.android.c2dm.permission.SEND" >
196-->[com.google.firebase:firebase-messaging:23.0.8] AndroidManifest.xml:35:13-73
197            <intent-filter>
197-->[com.google.firebase:firebase-messaging:23.0.8] AndroidManifest.xml:36:13-38:29
198                <action android:name="com.google.android.c2dm.intent.RECEIVE" />
198-->[com.google.firebase:firebase-messaging:23.0.8] AndroidManifest.xml:37:17-81
198-->[com.google.firebase:firebase-messaging:23.0.8] AndroidManifest.xml:37:25-78
199            </intent-filter>
200        </receiver>
201        <!--
202             FirebaseMessagingService performs security checks at runtime,
203             but set to not exported to explicitly avoid allowing another app to call it.
204        -->
205        <service
205-->[com.google.firebase:firebase-messaging:23.0.8] AndroidManifest.xml:45:9-52:19
206            android:name="com.google.firebase.messaging.FirebaseMessagingService"
206-->[com.google.firebase:firebase-messaging:23.0.8] AndroidManifest.xml:46:13-82
207            android:directBootAware="true"
207-->[com.google.firebase:firebase-messaging:23.0.8] AndroidManifest.xml:47:13-43
208            android:exported="false" >
208-->[com.google.firebase:firebase-messaging:23.0.8] AndroidManifest.xml:48:13-37
209            <intent-filter android:priority="-500" >
209-->src\main\AndroidManifest.xml:38:11-40:27
210                <action android:name="com.google.firebase.MESSAGING_EVENT" />
210-->src\main\AndroidManifest.xml:39:15-76
210-->src\main\AndroidManifest.xml:39:23-73
211            </intent-filter>
212        </service>
213
214        <activity
214-->[com.google.android.gms:play-services-base:18.0.1] AndroidManifest.xml:20:9-22:45
215            android:name="com.google.android.gms.common.api.GoogleApiActivity"
215-->[com.google.android.gms:play-services-base:18.0.1] AndroidManifest.xml:20:19-85
216            android:exported="false"
216-->[com.google.android.gms:play-services-base:18.0.1] AndroidManifest.xml:22:19-43
217            android:theme="@android:style/Theme.Translucent.NoTitleBar" />
217-->[com.google.android.gms:play-services-base:18.0.1] AndroidManifest.xml:21:19-78
218
219        <service
219-->[com.google.android.datatransport:transport-backend-cct:3.1.7] AndroidManifest.xml:29:9-35:19
220            android:name="com.google.android.datatransport.runtime.backends.TransportBackendDiscovery"
220-->[com.google.android.datatransport:transport-backend-cct:3.1.7] AndroidManifest.xml:30:13-103
221            android:exported="false" >
221-->[com.google.android.datatransport:transport-backend-cct:3.1.7] AndroidManifest.xml:31:13-37
222            <meta-data
222-->[com.google.android.datatransport:transport-backend-cct:3.1.7] AndroidManifest.xml:32:13-34:39
223                android:name="backend:com.google.android.datatransport.cct.CctBackendFactory"
223-->[com.google.android.datatransport:transport-backend-cct:3.1.7] AndroidManifest.xml:33:17-94
224                android:value="cct" />
224-->[com.google.android.datatransport:transport-backend-cct:3.1.7] AndroidManifest.xml:34:17-36
225        </service>
226        <service
226-->[com.google.android.datatransport:transport-runtime:3.1.7] AndroidManifest.xml:26:9-30:19
227            android:name="com.google.android.datatransport.runtime.scheduling.jobscheduling.JobInfoSchedulerService"
227-->[com.google.android.datatransport:transport-runtime:3.1.7] AndroidManifest.xml:27:13-117
228            android:exported="false"
228-->[com.google.android.datatransport:transport-runtime:3.1.7] AndroidManifest.xml:28:13-37
229            android:permission="android.permission.BIND_JOB_SERVICE" >
229-->[com.google.android.datatransport:transport-runtime:3.1.7] AndroidManifest.xml:29:13-69
230        </service>
231
232        <receiver
232-->[com.google.android.datatransport:transport-runtime:3.1.7] AndroidManifest.xml:32:9-34:40
233            android:name="com.google.android.datatransport.runtime.scheduling.jobscheduling.AlarmManagerSchedulerBroadcastReceiver"
233-->[com.google.android.datatransport:transport-runtime:3.1.7] AndroidManifest.xml:33:13-132
234            android:exported="false" />
234-->[com.google.android.datatransport:transport-runtime:3.1.7] AndroidManifest.xml:34:13-37
235
236        <provider
236-->[com.google.firebase:firebase-common:20.1.2] AndroidManifest.xml:26:9-31:39
237            android:name="com.google.firebase.provider.FirebaseInitProvider"
237-->[com.google.firebase:firebase-common:20.1.2] AndroidManifest.xml:27:13-77
238            android:authorities="com.care2home.vendor.firebaseinitprovider"
238-->[com.google.firebase:firebase-common:20.1.2] AndroidManifest.xml:28:13-72
239            android:directBootAware="true"
239-->[com.google.firebase:firebase-common:20.1.2] AndroidManifest.xml:29:13-43
240            android:exported="false"
240-->[com.google.firebase:firebase-common:20.1.2] AndroidManifest.xml:30:13-37
241            android:initOrder="100" />
241-->[com.google.firebase:firebase-common:20.1.2] AndroidManifest.xml:31:13-36
242
243        <receiver
243-->[com.google.android.gms:play-services-measurement:21.1.1] AndroidManifest.xml:29:9-33:20
244            android:name="com.google.android.gms.measurement.AppMeasurementReceiver"
244-->[com.google.android.gms:play-services-measurement:21.1.1] AndroidManifest.xml:30:13-85
245            android:enabled="true"
245-->[com.google.android.gms:play-services-measurement:21.1.1] AndroidManifest.xml:31:13-35
246            android:exported="false" >
246-->[com.google.android.gms:play-services-measurement:21.1.1] AndroidManifest.xml:32:13-37
247        </receiver>
248
249        <service
249-->[com.google.android.gms:play-services-measurement:21.1.1] AndroidManifest.xml:35:9-38:40
250            android:name="com.google.android.gms.measurement.AppMeasurementService"
250-->[com.google.android.gms:play-services-measurement:21.1.1] AndroidManifest.xml:36:13-84
251            android:enabled="true"
251-->[com.google.android.gms:play-services-measurement:21.1.1] AndroidManifest.xml:37:13-35
252            android:exported="false" />
252-->[com.google.android.gms:play-services-measurement:21.1.1] AndroidManifest.xml:38:13-37
253        <service
253-->[com.google.android.gms:play-services-measurement:21.1.1] AndroidManifest.xml:39:9-43:72
254            android:name="com.google.android.gms.measurement.AppMeasurementJobService"
254-->[com.google.android.gms:play-services-measurement:21.1.1] AndroidManifest.xml:40:13-87
255            android:enabled="true"
255-->[com.google.android.gms:play-services-measurement:21.1.1] AndroidManifest.xml:41:13-35
256            android:exported="false"
256-->[com.google.android.gms:play-services-measurement:21.1.1] AndroidManifest.xml:42:13-37
257            android:permission="android.permission.BIND_JOB_SERVICE" />
257-->[com.google.android.gms:play-services-measurement:21.1.1] AndroidManifest.xml:43:13-69
258
259        <meta-data
259-->[com.google.android.gms:play-services-basement:18.1.0] AndroidManifest.xml:21:9-23:69
260            android:name="com.google.android.gms.version"
260-->[com.google.android.gms:play-services-basement:18.1.0] AndroidManifest.xml:22:13-58